c:\users\steven\documents\github\stewartplatformik\stewartplatform\debug\vc142.pdb
c:\users\steven\documents\github\stewartplatformik\stewartplatform\debug\vc142.idb
c:\users\steven\documents\github\stewartplatformik\stewartplatform\debug\main.obj
c:\users\steven\documents\github\stewartplatformik\stewartplatform\debug\yawpitchroll.obj
c:\users\steven\documents\github\stewartplatformik\stewartplatform\debug\stewartplatform.obj
c:\users\steven\documents\github\stewartplatformik\stewartplatform\debug\rotationmatrix.obj
c:\users\steven\documents\github\stewartplatformik\stewartplatform\debug\rotation.obj
c:\users\steven\documents\github\stewartplatformik\stewartplatform\debug\directionangle.obj
c:\users\steven\documents\github\stewartplatformik\stewartplatform\debug\axisangle.obj
c:\users\steven\documents\github\stewartplatformik\stewartplatform\debug\vector.obj
c:\users\steven\documents\github\stewartplatformik\stewartplatform\debug\quaternion.obj
c:\users\steven\documents\github\stewartplatformik\stewartplatform\debug\mathematics.obj
c:\users\steven\documents\github\stewartplatformik\stewartplatform\debug\eulerorder.obj
c:\users\steven\documents\github\stewartplatformik\stewartplatform\debug\eulerconstants.obj
c:\users\steven\documents\github\stewartplatformik\stewartplatform\debug\eulerangles.obj
c:\users\steven\documents\github\stewartplatformik\debug\stewartplatform.exe
c:\users\steven\documents\github\stewartplatformik\debug\stewartplatform.ilk
c:\users\steven\documents\github\stewartplatformik\debug\stewartplatform.pdb
c:\users\steven\documents\github\stewartplatformik\stewartplatform\debug\stewartplatform.tlog\cl.command.1.tlog
c:\users\steven\documents\github\stewartplatformik\stewartplatform\debug\stewartplatform.tlog\cl.read.1.tlog
c:\users\steven\documents\github\stewartplatformik\stewartplatform\debug\stewartplatform.tlog\cl.write.1.tlog
c:\users\steven\documents\github\stewartplatformik\stewartplatform\debug\stewartplatform.tlog\link.command.1.tlog
c:\users\steven\documents\github\stewartplatformik\stewartplatform\debug\stewartplatform.tlog\link.read.1.tlog
c:\users\steven\documents\github\stewartplatformik\stewartplatform\debug\stewartplatform.tlog\link.write.1.tlog
